[debug] [2021-04-02T17:20:15.921Z] ----------------------------------------------------------------------
[debug] [2021-04-02T17:20:15.923Z] Command:       C:\Program Files\nodejs\node.exe C:\Users\HABIB\AppData\Roaming\npm\node_modules\firebase-tools\lib\bin\firebase.js init
[debug] [2021-04-02T17:20:15.923Z] CLI Version:   9.8.0
[debug] [2021-04-02T17:20:15.923Z] Platform:      win32
[debug] [2021-04-02T17:20:15.923Z] Node Version:  v15.10.0
[debug] [2021-04-02T17:20:15.924Z] Time:          Fri Apr 02 2021 23:20:15 GMT+0600 (Bangladesh Standard Time)
[debug] [2021-04-02T17:20:15.925Z] ----------------------------------------------------------------------
[debug] 
[debug] [2021-04-02T17:20:15.932Z] > command requires scopes: ["email","openid","https://www.googleapis.com/auth/cloudplatformprojects.readonly","https://www.googleapis.com/auth/firebase","https://www.googleapis.com/auth/cloud-platform"]
[debug] [2021-04-02T17:20:15.933Z] > authorizing via signed-in user
[info] 
     ######## #### ########  ######## ########     ###     ######  ########
     ##        ##  ##     ## ##       ##     ##  ##   ##  ##       ##
     ######    ##  ########  ######   ########  #########  ######  ######
     ##        ##  ##    ##  ##       ##     ## ##     ##       ## ##
     ##       #### ##     ## ######## ########  ##     ##  ######  ########

You're about to initialize a Firebase project in this directory:

  C:\webCourse\react\gadet-gear

Before we get started, keep in mind:

  * You are currently outside your home directory
  * You are initializing in an existing Firebase project directory

